<?xml version="1.0" encoding="UTF-8"?>
<!-- Generated by org.testng.reporters.JUnitReportReporter -->
<testsuite hostname="SARKARI" failures="0" tests="1" name="testCases.TC002_LoginPage" time="2.435" errors="0" timestamp="2025-03-13T21:53:14 IST" skipped="0">
  <testcase classname="testCases.TC002_LoginPage" name="testLogin" time="2.435"/>
</testsuite> <!-- testCases.TC002_LoginPage -->
