<?xml version="1.0" encoding="UTF-8"?>
<!-- Generated by org.testng.reporters.JUnitReportReporter -->
<testsuite hostname="SARKARI" failures="0" tests="2" name="testCases.TC001_AccRegTest" time="8.236" errors="0" timestamp="2025-03-09T13:12:05 IST" skipped="0">
  <testcase classname="testCases.TC001_AccRegTest" name="VerifyAccReg" time="3.622"/>
  <testcase classname="testCases.TC001_AccRegTest" name="VerifyAccReg" time="4.614"/>
</testsuite> <!-- testCases.TC001_AccRegTest -->
