<?xml version="1.0" encoding="UTF-8"?>
<!-- Generated by org.testng.reporters.JUnitReportReporter -->
<testsuite hostname="SARKARI" failures="0" tests="1" name="testCases.TC001_AccRegTest" time="2.827" errors="0" timestamp="2025-03-13T21:53:14 IST" skipped="0">
  <testcase classname="testCases.TC001_AccRegTest" name="VerifyAccReg" time="2.827"/>
</testsuite> <!-- testCases.TC001_AccRegTest -->
