<?xml version="1.0" encoding="UTF-8"?>
<!-- Generated by org.testng.reporters.JUnitReportReporter -->
<testsuite hostname="SARKARI" failures="0" tests="7" name="testCases.TC003_LoginPageDDT" time="28.086" errors="0" timestamp="2025-03-13T14:06:05 IST" skipped="0">
  <testcase classname="testCases.TC003_LoginPageDDT" name="testLogin" time="4.485"/>
  <testcase classname="testCases.TC003_LoginPageDDT" name="testLogin" time="4.269"/>
  <testcase classname="testCases.TC003_LoginPageDDT" name="testLogin" time="3.870"/>
  <testcase classname="testCases.TC003_LoginPageDDT" name="testLogin" time="4.650"/>
  <testcase classname="testCases.TC003_LoginPageDDT" name="testLogin" time="4.754"/>
  <testcase classname="testCases.TC003_LoginPageDDT" name="testLogin" time="2.095"/>
  <testcase classname="testCases.TC003_LoginPageDDT" name="testLogin" time="3.963"/>
</testsuite> <!-- testCases.TC003_LoginPageDDT -->
